samples/app/build/outputs/logs/manifest-merger-debug-report.txt
-- Merging decision tree log ---
manifest
ADDED from src\main\AndroidManifest.xml:2:1-193:12
INJECTED from src\main\AndroidManifest.xml:2:1-193:12
INJECTED from src\main\AndroidManifest.xml:2:1-193:12
INJECTED from src\main\AndroidManifest.xml:2:1-193:12
MERGED from [com.google.ar:core:1.5.0] AndroidManifest.xml:17:1-46:12
INJECTED from src\main\AndroidManifest.xml:2:1-193:12
INJECTED from src\main\AndroidManifest.xml:2:1-193:12
INJECTED from src\main\AndroidManifest.xml:2:1-193:12
	package
		ADDED from src\main\AndroidManifest.xml:4:5-41
		INJECTED from src\main\AndroidManifest.xml
		INJECTED from src\main\AndroidManifest.xml
	android:versionName
		INJECTED from src\main\AndroidManifest.xml
		ADDED from src\main\AndroidManifest.xml:2:1-193:12
		INJECTED from src\main\AndroidManifest.xml
	xmlns:tools
		ADDED from src\main\AndroidManifest.xml:3:5-51
	android:versionCode
		INJECTED from src\main\AndroidManifest.xml
		ADDED from src\main\AndroidManifest.xml:2:1-193:12
		INJECTED from src\main\AndroidManifest.xml
	xmlns:android
		ADDED from src\main\AndroidManifest.xml:2:11-69
uses-feature#0x00020000
ADDED from src\main\AndroidManifest.xml:6:5-54
	android:glEsVersion
		ADDED from src\main\AndroidManifest.xml:6:19-51
uses-feature#android.hardware.camera
ADDED from src\main\AndroidManifest.xml:22:5-60
	android:name
		ADDED from src\main\AndroidManifest.xml:22:19-57
uses-permission#android.permission.CAMERA
ADDED from src\main\AndroidManifest.xml:27:5-65
	android:name
		ADDED from src\main\AndroidManifest.xml:27:22-62
uses-permission#android.permission.INTERNET
ADDED from src\main\AndroidManifest.xml:32:5-66
	android:name
		ADDED from src\main\AndroidManifest.xml:32:22-64
uses-permission#android.permission.ACCESS_NETWORK_STATE
ADDED from src\main\AndroidManifest.xml:38:5-79
	android:name
		ADDED from src\main\AndroidManifest.xml:38:22-76
uses-permission#android.permission.READ_EXTERNAL_STORAGE
ADDED from src\main\AndroidManifest.xml:40:5-79
	android:name
		ADDED from src\main\AndroidManifest.xml:40:22-77
application
ADDED from src\main\AndroidManifest.xml:52:5-191:19
MERGED from [com.google.ar:core:1.5.0] AndroidManifest.xml:30:5-44:19
MERGED from [com.google.ar:core:1.5.0] AndroidManifest.xml:30:5-44:19
	android:supportsRtl
		ADDED from src\main\AndroidManifest.xml:59:9-36
	android:label
		ADDED from src\main\AndroidManifest.xml:54:9-41
	android:launchMode
		ADDED from src\main\AndroidManifest.xml:56:9-40
	tools:ignore
		ADDED from src\main\AndroidManifest.xml:60:9-48
	android:icon
		ADDED from src\main\AndroidManifest.xml:53:9-38
	android:allowBackup
		ADDED from src\main\AndroidManifest.xml:57:9-35
	android:description
		ADDED from src\main\AndroidManifest.xml:55:9-54
	android:theme
		ADDED from src\main\AndroidManifest.xml:58:9-47
meta-data#com.google.ar.core
ADDED from src\main\AndroidManifest.xml:63:9-81
	android:value
		ADDED from src\main\AndroidManifest.xml:63:54-78
	android:name
		ADDED from src\main\AndroidManifest.xml:63:20-53
activity#com.vuforia.VuforiaSamples.ui.ActivityList.ActivitySplashScreen
ADDED from src\main\AndroidManifest.xml:81:10-92:21
	android:screenOrientation
		ADDED from src\main\AndroidManifest.xml:84:13-49
	android:noHistory
		ADDED from src\main\AndroidManifest.xml:85:13-37
	android:configChanges
		ADDED from src\main\AndroidManifest.xml:83:13-93
	android:name
		ADDED from src\main\AndroidManifest.xml:82:13-65
intent-filter#action:name:android.intent.action.MAIN+category:name:android.intent.category.LAUNCHER
ADDED from src\main\AndroidManifest.xml:87:13-91:29
action#android.intent.action.MAIN
ADDED from src\main\AndroidManifest.xml:88:17-69
	android:name
		ADDED from src\main\AndroidManifest.xml:88:25-66
category#android.intent.category.LAUNCHER
ADDED from src\main\AndroidManifest.xml:90:17-77
	android:name
		ADDED from src\main\AndroidManifest.xml:90:27-74
activity#com.vuforia.VuforiaSamples.ui.ActivityList.ActivityLauncher
ADDED from src\main\AndroidManifest.xml:94:9-99:20
	android:screenOrientation
		ADDED from src\main\AndroidManifest.xml:97:13-49
	android:configChanges
		ADDED from src\main\AndroidManifest.xml:96:13-93
	android:name
		ADDED from src\main\AndroidManifest.xml:95:13-61
activity#com.vuforia.VuforiaSamples.ui.ActivityList.AboutScreen
ADDED from src\main\AndroidManifest.xml:101:10-107:20
	android:screenOrientation
		ADDED from src\main\AndroidManifest.xml:104:13-49
	android:noHistory
		ADDED from src\main\AndroidManifest.xml:105:13-37
	android:configChanges
		ADDED from src\main\AndroidManifest.xml:103:13-93
	android:name
		ADDED from src\main\AndroidManifest.xml:102:13-56
activity#com.vuforia.VuforiaSamples.app.ImageTargets.ImageTargets
ADDED from src\main\AndroidManifest.xml:109:9-115:20
	android:launchMode
		ADDED from src\main\AndroidManifest.xml:113:13-44
	android:configChanges
		ADDED from src\main\AndroidManifest.xml:111:13-93
	android:theme
		ADDED from src\main\AndroidManifest.xml:112:13-51
	android:name
		ADDED from src\main\AndroidManifest.xml:110:13-58
activity#com.vuforia.VuforiaSamples.app.ModelTargets.ModelTargets
ADDED from src\main\AndroidManifest.xml:117:9-124:20
	android:screenOrientation
		ADDED from src\main\AndroidManifest.xml:120:13-50
	android:launchMode
		ADDED from src\main\AndroidManifest.xml:122:13-44
	android:configChanges
		ADDED from src\main\AndroidManifest.xml:119:13-93
	android:theme
		ADDED from src\main\AndroidManifest.xml:121:13-51
	android:name
		ADDED from src\main\AndroidManifest.xml:118:13-58
activity#com.vuforia.VuforiaSamples.app.GroundPlane.GroundPlane
ADDED from src\main\AndroidManifest.xml:126:9-133:20
	android:screenOrientation
		ADDED from src\main\AndroidManifest.xml:129:13-50
	android:launchMode
		ADDED from src\main\AndroidManifest.xml:131:13-44
	android:configChanges
		ADDED from src\main\AndroidManifest.xml:128:13-93
	android:theme
		ADDED from src\main\AndroidManifest.xml:130:13-51
	android:name
		ADDED from src\main\AndroidManifest.xml:127:13-56
activity#com.vuforia.VuforiaSamples.app.VuMark.VuMark
ADDED from src\main\AndroidManifest.xml:135:9-141:20
	android:launchMode
		ADDED from src\main\AndroidManifest.xml:139:13-44
	android:configChanges
		ADDED from src\main\AndroidManifest.xml:137:13-93
	android:theme
		ADDED from src\main\AndroidManifest.xml:138:13-51
	android:name
		ADDED from src\main\AndroidManifest.xml:136:13-46
activity#com.vuforia.VuforiaSamples.app.CylinderTargets.CylinderTargets
ADDED from src\main\AndroidManifest.xml:143:9-149:20
	android:launchMode
		ADDED from src\main\AndroidManifest.xml:147:13-44
	android:configChanges
		ADDED from src\main\AndroidManifest.xml:145:13-93
	android:theme
		ADDED from src\main\AndroidManifest.xml:146:13-51
	android:name
		ADDED from src\main\AndroidManifest.xml:144:13-64
activity#com.vuforia.VuforiaSamples.app.VirtualButtons.VirtualButtons
ADDED from src\main\AndroidManifest.xml:151:9-157:20
	android:launchMode
		ADDED from src\main\AndroidManifest.xml:155:13-44
	android:configChanges
		ADDED from src\main\AndroidManifest.xml:153:13-93
	android:theme
		ADDED from src\main\AndroidManifest.xml:154:13-51
	android:name
		ADDED from src\main\AndroidManifest.xml:152:13-62
activity#com.vuforia.VuforiaSamples.app.UserDefinedTargets.UserDefinedTargets
ADDED from src\main\AndroidManifest.xml:159:9-165:20
	android:launchMode
		ADDED from src\main\AndroidManifest.xml:163:13-44
	android:configChanges
		ADDED from src\main\AndroidManifest.xml:161:13-93
	android:theme
		ADDED from src\main\AndroidManifest.xml:162:13-51
	android:name
		ADDED from src\main\AndroidManifest.xml:160:13-70
activity#com.vuforia.VuforiaSamples.app.MultiTargets.MultiTargets
ADDED from src\main\AndroidManifest.xml:167:9-173:20
	android:launchMode
		ADDED from src\main\AndroidManifest.xml:171:13-44
	android:configChanges
		ADDED from src\main\AndroidManifest.xml:169:13-93
	android:theme
		ADDED from src\main\AndroidManifest.xml:170:13-51
	android:name
		ADDED from src\main\AndroidManifest.xml:168:13-58
activity#com.vuforia.VuforiaSamples.app.CloudRecognition.CloudReco
ADDED from src\main\AndroidManifest.xml:175:9-181:20
	android:launchMode
		ADDED from src\main\AndroidManifest.xml:179:13-44
	android:configChanges
		ADDED from src\main\AndroidManifest.xml:177:13-93
	android:theme
		ADDED from src\main\AndroidManifest.xml:178:13-51
	android:name
		ADDED from src\main\AndroidManifest.xml:176:13-59
activity#com.vuforia.VuforiaSamples.app.ObjectRecognition.ObjectTargets
ADDED from src\main\AndroidManifest.xml:183:9-189:20
	android:launchMode
		ADDED from src\main\AndroidManifest.xml:187:13-44
	android:configChanges
		ADDED from src\main\AndroidManifest.xml:185:13-93
	android:theme
		ADDED from src\main\AndroidManifest.xml:186:13-51
	android:name
		ADDED from src\main\AndroidManifest.xml:184:13-64
uses-sdk
INJECTED from src\main\AndroidManifest.xml reason: use-sdk injection requested
INJECTED from src\main\AndroidManifest.xml
INJECTED from src\main\AndroidManifest.xml
MERGED from [com.google.ar:core:1.5.0] AndroidManifest.xml:26:5-28:41
MERGED from [com.google.ar:core:1.5.0] AndroidManifest.xml:26:5-28:41
INJECTED from src\main\AndroidManifest.xml
INJECTED from src\main\AndroidManifest.xml
	android:targetSdkVersion
		INJECTED from src\main\AndroidManifest.xml
		ADDED from src\main\AndroidManifest.xml
		INJECTED from src\main\AndroidManifest.xml
	android:minSdkVersion
		INJECTED from src\main\AndroidManifest.xml
		ADDED from src\main\AndroidManifest.xml
		INJECTED from src\main\AndroidManifest.xml
activity#com.google.ar.core.InstallActivity
ADDED from [com.google.ar:core:1.5.0] AndroidManifest.xml:33:9-39:80
	android:excludeFromRecents
		ADDED from [com.google.ar:core:1.5.0] AndroidManifest.xml:36:13-46
	android:launchMode
		ADDED from [com.google.ar:core:1.5.0] AndroidManifest.xml:38:13-43
	android:exported
		ADDED from [com.google.ar:core:1.5.0] AndroidManifest.xml:37:13-37
	android:configChanges
		ADDED from [com.google.ar:core:1.5.0] AndroidManifest.xml:35:13-74
	android:theme
		ADDED from [com.google.ar:core:1.5.0] AndroidManifest.xml:39:13-77
	android:name
		ADDED from [com.google.ar:core:1.5.0] AndroidManifest.xml:34:13-62
meta-data#com.google.ar.core.min_apk_version
ADDED from [com.google.ar:core:1.5.0] AndroidManifest.xml:41:9-43:41
	android:value
		ADDED from [com.google.ar:core:1.5.0] AndroidManifest.xml:43:13-38
	android:name
		ADDED from [com.google.ar:core:1.5.0] AndroidManifest.xml:42:13-62